<?xml version="1.0" encoding="UTF-8"?>
<testng-results skipped="0" failed="0" ignored="0" total="1" passed="1">
  <reporter-output>
  </reporter-output>
  <suite name="Default suite" duration-ms="37576" started-at="2018-04-02T20:09:47Z" finished-at="2018-04-02T20:10:25Z">
    <groups>
    </groups>
    <test name="Default test" duration-ms="37576" started-at="2018-04-02T20:09:47Z" finished-at="2018-04-02T20:10:25Z">
      <class name="Tests.Demo">
        <test-method status="PASS" signature="visitHomePage()[pri:0, instance:Tests.Demo@4e1d422d]" name="visitHomePage" duration-ms="37547" started-at="2018-04-02T20:09:47Z" finished-at="2018-04-02T20:10:25Z">
          <reporter-output>
          </reporter-output>
        </test-method> <!-- visitHomePage -->
      </class> <!-- Tests.Demo -->
    </test> <!-- Default test -->
  </suite> <!-- Default suite -->
</testng-results>
